<?xml version="1.0" encoding="UTF-8"?>
<testng-results skipped="0" failed="0" ignored="0" total="1" passed="1">
  <reporter-output>
  </reporter-output>
  <suite name="Default suite" duration-ms="7844" started-at="2019-07-21T11:32:07Z" finished-at="2019-07-21T11:32:15Z">
    <groups>
    </groups>
    <test name="Default test" duration-ms="7844" started-at="2019-07-21T11:32:07Z" finished-at="2019-07-21T11:32:15Z">
      <class name="com.testautomation.tests.HomePageTest">
        <test-method status="PASS" signature="Test1()[pri:1, instance:com.testautomation.tests.HomePageTest@5afa3c9]" name="Test1" duration-ms="7789" started-at="2019-07-21T11:32:07Z" finished-at="2019-07-21T11:32:15Z">
          <reporter-output>
          </reporter-output>
        </test-method> <!-- Test1 -->
      </class> <!-- com.testautomation.tests.HomePageTest -->
    </test> <!-- Default test -->
  </suite> <!-- Default suite -->
</testng-results>
